make all --print-data-base --no-builtin-variables --no-builtin-rules --question
# GNU Make 3.81
# Copyright (C) 2006  Free Software Foundation, Inc.
# This is free software; see the source for copying conditions.
# There is NO warranty; not even for MERCHANTABILITY or FITNESS FOR A
# PARTICULAR PURPOSE.

# This program built for i386-apple-darwin11.3.0

# Make data base, printed on Tue Apr 11 14:08:43 2023

# Variables

# automatic
<D = $(patsubst %/,%,$(dir $<))
# automatic
?F = $(notdir $?)
# environment
JUPYTER_PATH = /Applications/root_v6.22.06/etc/notebook
# environment
VSCODE_CRASH_REPORTER_PROCESS_TYPE = extensionHost
# environment
EMACS_DIR = /Applications/Emacs.app/Contents/MacOS
# automatic
?D = $(patsubst %/,%,$(dir $?))
# makefile (from `Makefile', line 2)
CPPFLAGS = -O2
# automatic
@D = $(patsubst %/,%,$(dir $@))
# automatic
@F = $(notdir $@)
# makefile
CURDIR := /Users/hosanko/playground/sPHENIX/MVTX/assembly
# makefile
SHELL = /bin/sh
# environment
VSCODE_NLS_CONFIG = {"locale":"en-us","osLocale":"en-us","availableLanguages":{},"_languagePackSupport":true}
# environment
_ = /usr/bin/make
# makefile (from `Makefile', line 1)
MAKEFILE_LIST :=  Makefile
# environment
ROOTSYS = /Applications/root_v6.22.06
# environment
EMACS_MAN_DIR = /Applications/Emacs.app/Contents/Resources/man
# environment
__CFBundleIdentifier = com.microsoft.VSCode
# makefile (from `Makefile', line 1)
CPP = g++ -Wall -std=c++11
# environment
VSCODE_CWD = /
# environment
PATH = /Applications/root_v6.22.06/bin:/Applications/Emacs.app/Contents/MacOS:/Applications/Emacs.app/Contents/MacOS/bin-x86_64-10_14/:/Applications/Emacs.app/Contents/MacOS:/Applications/Emacs.app/Contents/MacOS/bin-x86_64-10_10/:/usr/local/bin:/System/Cryptexes/App/usr/bin:/usr/bin:/bin:/usr/sbin:/sbin:/Library/TeX/texbin:/usr/local/share/dotnet:/opt/X11/bin:~/.dotnet/tools:/Library/Apple/usr/bin
# environment
LSCOLORS = Gxfxcxdxbxegedabagacad
# environment
ELECTRON_RUN_AS_NODE = 1
# default
.FEATURES := target-specific order-only second-expansion else-if archives jobserver check-symlink
# environment
CMAKE_PREFIX_PATH = /Applications/root_v6.22.06
# environment
SHLIB_PATH = /Applications/root_v6.22.06/lib
# environment
SSH_AUTH_SOCK = /private/tmp/com.apple.launchd.M7UIIat3bB/Listeners
# environment
CLING_STANDARD_PCH = none
# automatic
%F = $(notdir $%)
# environment
DISPLAY = :0.0
# environment
JUPYTER_CONFIG_DIR = /Applications/root_v6.22.06/etc/notebook
# environment
PWD = /Users/hosanko/playground/sPHENIX/MVTX/assembly
# environment
ORIGINAL_XDG_CURRENT_DESKTOP = undefined
# environment
MANPATH = /Applications/root_v6.22.06/man:/Applications/Emacs.app/Contents/Resources/man:
# environment
VSCODE_AMD_ENTRYPOINT = vs/workbench/api/node/extensionHostProcess
# environment
HOME = /Users/hosanko
# environment
LD_LIBRARY_PATH = /Applications/root_v6.22.06/lib
# default
MAKEFILEPATH := /Applications/Xcode.app/Contents/Developer/Makefiles
# environment
VSCODE_CODE_CACHE_PATH = /Users/hosanko/Library/Application Support/Code/CachedData/b7886d7461186a5eac768481578c1d7ca80e2d21
# environment
LOGNAME = hosanko
# environment
APPLICATION_INSIGHTS_NO_DIAGNOSTIC_CHANNEL = 1
# environment
ZSH = /Users/hosanko/.oh-my-zsh
# environment
VSCODE_HANDLES_UNCAUGHT_ERRORS = true
# automatic
^D = $(patsubst %/,%,$(dir $^))
# environment
XPC_FLAGS = 0x0
# default
MAKE = $(MAKE_COMMAND)
# default
MAKECMDGOALS := all
# environment
SHLVL = 1
# environment
LIBPATH = /Applications/root_v6.22.06/lib
# default
MAKE_VERSION := 3.81
# environment
USER = hosanko
# makefile
.DEFAULT_GOAL := all
# environment
LESS = -R
# automatic
%D = $(patsubst %/,%,$(dir $%))
# default
MAKE_COMMAND := /Applications/Xcode.app/Contents/Developer/usr/bin/make
# default
.VARIABLES := 
# environment
TMPDIR = /var/folders/s9/zx0pn0014932tltbvtsxwl6m0000gn/T/
# automatic
*F = $(notdir $*)
# environment
VSCODE_IPC_HOOK = /Users/hosanko/Library/Application Support/Code/1.77-main.sock
# environment
MallocNanoZone = 0
# environment
PYTHONPATH = /Applications/root_v6.22.06/lib
# makefile
MAKEFLAGS = Rrqp
# environment
MFLAGS = -Rrqp
# automatic
*D = $(patsubst %/,%,$(dir $*))
# environment
XPC_SERVICE_NAME = application.com.microsoft.VSCode.227320893.227320901
# automatic
+D = $(patsubst %/,%,$(dir $+))
# environment
VSCODE_L10N_BUNDLE_LOCATION = 
# automatic
+F = $(notdir $+)
# environment
__CF_USER_TEXT_ENCODING = 0x1F5:0x0:0x0
# environment
COMMAND_MODE = unix2003
# default
MAKEFILES := 
# automatic
<F = $(notdir $<)
# environment
PAGER = less
# environment
LC_ALL = C
# automatic
^F = $(notdir $^)
# default
SUFFIXES := 
# default
.INCLUDE_DIRS = /usr/local/include
# environment
MAKELEVEL := 0
# environment
LANG = C
# environment
VSCODE_PID = 8451
# variable set hash-table stats:
# Load=79/1024=8%, Rehash=0, Collisions=2/105=2%

# Pattern-specific Variable Values

# No pattern-specific variable values.

# Directories

# . (device 16777221, inode 236924847): 13 files, no impossibilities.

# 13 files, no impossibilities in 1 directories.

# Implicit Rules

# No implicit rules.

# Files

all:
#  Command-line target.
#  Implicit rule search has not been done.
#  Implicit/static pattern stem: `'
#  File does not exist.
#  File has been updated.
#  Needs to be updated (-q is set).
# automatic
# @ := all
# automatic
# % := 
# automatic
# * := 
# automatic
# + := 
# automatic
# | := 
# automatic
# < := 
# automatic
# ^ := 
# automatic
# ? := 
# variable set hash-table stats:
# Load=8/32=25%, Rehash=0, Collisions=1/10=10%
#  commands to execute (from `Makefile', line 5):
	@echo "Please give an option."
	

# Not a target:
.SUFFIXES:
#  Implicit rule search has not been done.
#  Modification time never checked.
#  File has not been updated.

# Not a target:
Makefile:
#  Implicit rule search has been done.
#  Last modified 2022-04-15 15:31:04
#  File has been updated.
#  Successfully updated.
# variable set hash-table stats:
# Load=0/32=0%, Rehash=0, Collisions=0/0=0%

# Not a target:
.DEFAULT:
#  Implicit rule search has not been done.
#  Modification time never checked.
#  File has not been updated.

clean:
#  Implicit rule search has not been done.
#  Modification time never checked.
#  File has not been updated.
#  commands to execute (from `Makefile', line 10):
	@rm RotTransFit RotTransFit.o
	

fit:
#  Implicit rule search has not been done.
#  Modification time never checked.
#  File has not been updated.
#  commands to execute (from `Makefile', line 7):
	@g++ -Wall -std=c++11 -I/opt/homebrew/Cellar/gsl/2.7.1/include -c RotTransFit.cpp
	@g++ -L/opt/homebrew/Cellar/gsl/2.7.1/lib -o RotTransFit RotTransFit.o -lgsl -lgslcblas
	

# files hash-table stats:
# Load=6/1024=1%, Rehash=0, Collisions=0/20=0%
# VPATH Search Paths

# No `vpath' search paths.

# No general (`VPATH' variable) search path.

# # of strings in strcache: 1
# # of strcache buffers: 1
# strcache size: total = 4096 / max = 4096 / min = 4096 / avg = 4096
# strcache free: total = 4087 / max = 4087 / min = 4087 / avg = 4087

# Finished Make data base on Tue Apr 11 14:08:43 2023

 
